C:\PROGRAM FILES\CANDLEWORKS\FOREXCONNECTAPIX64\SAMPLES\CPP\TABLEMANAGERSAMPLES\OPENPOSITION\OBJ\X64\DEBUG\COMMONSOURCES.OBJ
C:\PROGRAM FILES\CANDLEWORKS\FOREXCONNECTAPIX64\SAMPLES\CPP\TABLEMANAGERSAMPLES\OPENPOSITION\OBJ\X64\DEBUG\LOGINPARAMS.OBJ
C:\PROGRAM FILES\CANDLEWORKS\FOREXCONNECTAPIX64\SAMPLES\CPP\TABLEMANAGERSAMPLES\OPENPOSITION\OBJ\X64\DEBUG\MAIN.OBJ
C:\PROGRAM FILES\CANDLEWORKS\FOREXCONNECTAPIX64\SAMPLES\CPP\TABLEMANAGERSAMPLES\OPENPOSITION\OBJ\X64\DEBUG\ORDERMONITOR.OBJ
C:\PROGRAM FILES\CANDLEWORKS\FOREXCONNECTAPIX64\SAMPLES\CPP\TABLEMANAGERSAMPLES\OPENPOSITION\OBJ\X64\DEBUG\RESPONSELISTENER.OBJ
C:\PROGRAM FILES\CANDLEWORKS\FOREXCONNECTAPIX64\SAMPLES\CPP\TABLEMANAGERSAMPLES\OPENPOSITION\OBJ\X64\DEBUG\SAMPLEPARAMS.OBJ
C:\PROGRAM FILES\CANDLEWORKS\FOREXCONNECTAPIX64\SAMPLES\CPP\TABLEMANAGERSAMPLES\OPENPOSITION\OBJ\X64\DEBUG\SESSIONSTATUSLISTENER.OBJ
C:\PROGRAM FILES\CANDLEWORKS\FOREXCONNECTAPIX64\SAMPLES\CPP\TABLEMANAGERSAMPLES\OPENPOSITION\OBJ\X64\DEBUG\TABLELISTENER.OBJ
C:\PROGRAM FILES\CANDLEWORKS\FOREXCONNECTAPIX64\SAMPLES\CPP\TABLEMANAGERSAMPLES\OPENPOSITION\OBJ\X64\DEBUG\VC110.PDB
C:\PROGRAM FILES\CANDLEWORKS\FOREXCONNECTAPIX64\SAMPLES\CPP\TABLEMANAGERSAMPLES\OPENPOSITION\BIN\OPENPOSITION.ILK
C:\PROGRAM FILES\CANDLEWORKS\FOREXCONNECTAPIX64\SAMPLES\CPP\TABLEMANAGERSAMPLES\OPENPOSITION\BIN\OPENPOSITION.EXE
C:\PROGRAM FILES\CANDLEWORKS\FOREXCONNECTAPIX64\SAMPLES\CPP\TABLEMANAGERSAMPLES\OPENPOSITION\BIN\OPENPOSITION.PDB
C:\Program Files\Candleworks\ForexConnectAPIx64\samples\cpp\TableManagerSamples\OpenPosition\obj\x64\Debug\CommonSources.obj
C:\Program Files\Candleworks\ForexConnectAPIx64\samples\cpp\TableManagerSamples\OpenPosition\obj\x64\Debug\LoginParams.obj
C:\Program Files\Candleworks\ForexConnectAPIx64\samples\cpp\TableManagerSamples\OpenPosition\obj\x64\Debug\main.obj
C:\Program Files\Candleworks\ForexConnectAPIx64\samples\cpp\TableManagerSamples\OpenPosition\obj\x64\Debug\OrderMonitor.obj
C:\Program Files\Candleworks\ForexConnectAPIx64\samples\cpp\TableManagerSamples\OpenPosition\obj\x64\Debug\ResponseListener.obj
C:\Program Files\Candleworks\ForexConnectAPIx64\samples\cpp\TableManagerSamples\OpenPosition\obj\x64\Debug\SampleParams.obj
C:\Program Files\Candleworks\ForexConnectAPIx64\samples\cpp\TableManagerSamples\OpenPosition\obj\x64\Debug\SessionStatusListener.obj
C:\Program Files\Candleworks\ForexConnectAPIx64\samples\cpp\TableManagerSamples\OpenPosition\obj\x64\Debug\TableListener.obj
C:\Program Files\Candleworks\ForexConnectAPIx64\samples\cpp\TableManagerSamples\OpenPosition\obj\x64\Debug\cl.command.1.tlog
C:\Program Files\Candleworks\ForexConnectAPIx64\samples\cpp\TableManagerSamples\OpenPosition\obj\x64\Debug\CL.read.1.tlog
C:\Program Files\Candleworks\ForexConnectAPIx64\samples\cpp\TableManagerSamples\OpenPosition\obj\x64\Debug\CL.write.1.tlog
C:\Program Files\Candleworks\ForexConnectAPIx64\samples\cpp\TableManagerSamples\OpenPosition\obj\x64\Debug\link-cvtres.read.1.tlog
C:\Program Files\Candleworks\ForexConnectAPIx64\samples\cpp\TableManagerSamples\OpenPosition\obj\x64\Debug\link-cvtres.write.1.tlog
C:\Program Files\Candleworks\ForexConnectAPIx64\samples\cpp\TableManagerSamples\OpenPosition\obj\x64\Debug\link-rc.read.1.tlog
C:\Program Files\Candleworks\ForexConnectAPIx64\samples\cpp\TableManagerSamples\OpenPosition\obj\x64\Debug\link-rc.write.1.tlog
C:\Program Files\Candleworks\ForexConnectAPIx64\samples\cpp\TableManagerSamples\OpenPosition\obj\x64\Debug\link.command.1.tlog
C:\Program Files\Candleworks\ForexConnectAPIx64\samples\cpp\TableManagerSamples\OpenPosition\obj\x64\Debug\link.read.1.tlog
C:\Program Files\Candleworks\ForexConnectAPIx64\samples\cpp\TableManagerSamples\OpenPosition\obj\x64\Debug\link.write.1.tlog
C:\Program Files\Candleworks\ForexConnectAPIx64\samples\cpp\TableManagerSamples\OpenPosition\obj\x64\Debug\vc110.idb
C:\Program Files\Candleworks\ForexConnectAPIx64\samples\cpp\TableManagerSamples\OpenPosition\obj\x64\Debug\vc110.pdb
C:\Program Files\Candleworks\ForexConnectAPIx64\samples\cpp\TableManagerSamples\OpenPosition\bin\OpenPosition.pdb
C:\Program Files\Candleworks\ForexConnectAPIx64\samples\cpp\TableManagerSamples\OpenPosition\bin\OpenPosition.exe
C:\Program Files\Candleworks\ForexConnectAPIx64\samples\cpp\TableManagerSamples\OpenPosition\bin\OpenPosition.ilk
